<?xml version="1.0" encoding="utf-8" standalone="no"?>
<!--This file represents the results of running a test suite-->
<test-results name="C:/Dev/Derick-Github/vimbacore/build/myproject.dll" total="1" errors="0" failures="0" not-run="0" inconclusive="0" ignored="0" skipped="0" invalid="0" date="2010-05-31" time="21:36:47">
  <environment nunit-version="2.5.2.9222" clr-version="2.0.50727.4927" os-version="Microsoft Windows NT 6.1.7600.0" platform="Win32NT" cwd="C:\Dev\Derick-Github\vimbacore" machine-name="DBWIN7" user="derick" user-domain="dbwin7" />
  <culture-info current-culture="en-US" current-uiculture="en-US" />
  <test-suite name="C:/Dev/Derick-Github/vimbacore/build/myproject.dll" executed="True" success="True" time="0.054" asserts="0">
    <results>
      <test-suite name="When_testing_out_my_vimfu_skillz" executed="True" success="True" time="0.043" asserts="0">
        <results>
          <test-case name="When_testing_out_my_vimfu_skillz.should_find_them_to_be_mad" executed="True" success="True" time="0.031" asserts="1" />
        </results>
      </test-suite>
    </results>
  </test-suite>
</test-results>